<?xml version="1.0" encoding="UTF-8"?>
<!-- Generated by org.testng.reporters.JUnitXMLReporter -->
<testsuite ignored="0" hostname="PHG-IN-PF290PYX" failures="0" tests="3" name="ConferenceExecution" time="0.064" errors="0" timestamp="17 Dec 2023 18:13:35 GMT">
  <testcase classname="automation.baseclass.baseClass1" name="@BeforeMethod launchApplication" time="0.007">
    <failure type="java.io.FileNotFoundException" message="C:\Users\pjain\eclipse-workspace\automationPractice\src\main\java\perfectCode\globalData.properties (The system cannot find the path specified)">
      <![CDATA[java.io.FileNotFoundException: C:\Users\pjain\eclipse-workspace\automationPractice\src\main\java\perfectCode\globalData.properties (The system cannot find the path specified)
at java.base/java.io.FileInputStream.open0(Native Method)
at java.base/java.io.FileInputStream.open(FileInputStream.java:219)
at java.base/java.io.FileInputStream.<init>(FileInputStream.java:158)
at java.base/java.io.FileInputStream.<init>(FileInputStream.java:112)
at automation.baseclass.baseClass1.initializeDriver(baseClass1.java:29)
at automation.baseclass.baseClass1.launchApplication(baseClass1.java:59)
... Removed 26 stack frames]]>
    </failure>
  </testcase> <!-- @BeforeMethod launchApplication -->
  <testcase classname="automation.baseclass.baseClass1" name="@AfterMethod tearDown" time="0.0">
    <skipped/>
  </testcase> <!-- @AfterMethod tearDown -->
  <testcase classname="automation.baseclass.baseClass1" name="@BeforeMethod launchApplication" time="0.0">
    <skipped/>
  </testcase> <!-- @BeforeMethod launchApplication -->
  <testcase classname="automation.baseclass.baseClass1" name="@AfterMethod tearDown" time="0.0">
    <skipped/>
  </testcase> <!-- @AfterMethod tearDown -->
  <testcase classname="automation.baseclass.baseClass1" name="@BeforeMethod launchApplication" time="0.0">
    <skipped/>
  </testcase> <!-- @BeforeMethod launchApplication -->
  <testcase classname="automation.baseclass.baseClass1" name="@AfterMethod tearDown" time="0.0">
    <skipped/>
  </testcase> <!-- @AfterMethod tearDown -->
  <testcase classname="automation.tests.ConferenceExecution" name="Filter" time="0.0">
    <skipped/>
  </testcase> <!-- Filter -->
  <testcase classname="automation.tests.ConferenceExecution" name="Pagination" time="0.0">
    <skipped/>
  </testcase> <!-- Pagination -->
  <testcase classname="automation.tests.ConferenceExecution" name="Sorting" time="0.0">
    <skipped/>
  </testcase> <!-- Sorting -->
</testsuite> <!-- ConferenceExecution -->
