<?xml version="1.0" encoding="UTF-8"?>
<!-- Generated by org.testng.reporters.JUnitXMLReporter -->
<testsuite ignored="0" hostname="PHG-IN-PF290PYX" failures="0" tests="6" name="Test" time="22.395" errors="0" timestamp="07 Apr 2024 21:30:02 GMT">
  <testcase classname="automation.baseclass.baseClass1" name="@BeforeMethod launchApplication" time="20.984">
    <failure type="org.openqa.selenium.SessionNotCreatedException" message="session not created: This version of ChromeDriver only supports Chrome version 114
Current browser version is 123.0.6312.106 with binary path C:\Program Files\Google\Chrome\Application\chrome.exe
Build info: version: &amp;apos;3.141.59&amp;apos;, revision: &amp;apos;e82be7d358&amp;apos;, time: &amp;apos;2018-11-14T08:17:03&amp;apos;
System info: host: &amp;apos;PHG-IN-PF290PYX&amp;apos;, ip: &amp;apos;192.168.101.213&amp;apos;, os.name: &amp;apos;Windows 10&amp;apos;, os.arch: &amp;apos;amd64&amp;apos;, os.version: &amp;apos;10.0&amp;apos;, java.version: &amp;apos;20.0.1&amp;apos;
Driver info: driver.version: ChromeDriver
remote stacktrace: Backtrace:
	GetHandleVerifier [0x0107A813+48355]
	(No symbol) [0x0100C4B1]
	(No symbol) [0x00F15358]
	(No symbol) [0x00F361AC]
	(No symbol) [0x00F31EF3]
	(No symbol) [0x00F30579]
	(No symbol) [0x00F60C55]
	(No symbol) [0x00F6093C]
	(No symbol) [0x00F5A536]
	(No symbol) [0x00F382DC]
	(No symbol) [0x00F393DD]
	GetHandleVerifier [0x012DAABD+2539405]
	GetHandleVerifier [0x0131A78F+2800735]
	GetHandleVerifier [0x0131456C+2775612]
	GetHandleVerifier [0x011051E0+616112]
	(No symbol) [0x01015F8C]
	(No symbol) [0x01012328]
	(No symbol) [0x0101240B]
	(No symbol) [0x01004FF7]
	(No symbol) [0x7651FCC9]
	RtlGetAppContainerNamedObjectPath [0x774B7C5E+286]
	RtlGetAppContainerNamedObjectPath [0x774B7C2E+238]
">
      <![CDATA[org.openqa.selenium.SessionNotCreatedException: session not created: This version of ChromeDriver only supports Chrome version 114
Current browser version is 123.0.6312.106 with binary path C:\Program Files\Google\Chrome\Application\chrome.exe
Build info: version: '3.141.59', revision: 'e82be7d358', time: '2018-11-14T08:17:03'
System info: host: 'PHG-IN-PF290PYX', ip: '192.168.101.213', os.name: 'Windows 10', os.arch: 'amd64', os.version: '10.0', java.version: '20.0.1'
Driver info: driver.version: ChromeDriver
remote stacktrace: Backtrace:
GetHandleVerifier [0x0107A813+48355]
(No symbol) [0x0100C4B1]
(No symbol) [0x00F15358]
(No symbol) [0x00F361AC]
(No symbol) [0x00F31EF3]
(No symbol) [0x00F30579]
(No symbol) [0x00F60C55]
(No symbol) [0x00F6093C]
(No symbol) [0x00F5A536]
(No symbol) [0x00F382DC]
(No symbol) [0x00F393DD]
GetHandleVerifier [0x012DAABD+2539405]
GetHandleVerifier [0x0131A78F+2800735]
GetHandleVerifier [0x0131456C+2775612]
GetHandleVerifier [0x011051E0+616112]
(No symbol) [0x01015F8C]
(No symbol) [0x01012328]
(No symbol) [0x0101240B]
(No symbol) [0x01004FF7]
(No symbol) [0x7651FCC9]
RtlGetAppContainerNamedObjectPath [0x774B7C5E+286]
RtlGetAppContainerNamedObjectPath [0x774B7C2E+238]

at org.openqa.selenium.remote.W3CHandshakeResponse.lambda$errorHandler$0(W3CHandshakeResponse.java:62)
at org.openqa.selenium.remote.HandshakeResponse.lambda$getResponseFunction$0(HandshakeResponse.java:30)
at org.openqa.selenium.remote.ProtocolHandshake.lambda$createSession$0(ProtocolHandshake.java:126)
at java.base/java.util.stream.ReferencePipeline$3$1.accept(ReferencePipeline.java:197)
at java.base/java.util.Spliterators$ArraySpliterator.tryAdvance(Spliterators.java:1016)
at java.base/java.util.stream.ReferencePipeline.forEachWithCancel(ReferencePipeline.java:129)
at java.base/java.util.stream.AbstractPipeline.copyIntoWithCancel(AbstractPipeline.java:527)
at java.base/java.util.stream.AbstractPipeline.copyInto(AbstractPipeline.java:513)
at java.base/java.util.stream.AbstractPipeline.wrapAndCopyInto(AbstractPipeline.java:499)
at java.base/java.util.stream.FindOps$FindOp.evaluateSequential(FindOps.java:150)
at java.base/java.util.stream.AbstractPipeline.evaluate(AbstractPipeline.java:234)
at java.base/java.util.stream.ReferencePipeline.findFirst(ReferencePipeline.java:647)
at org.openqa.selenium.remote.ProtocolHandshake.createSession(ProtocolHandshake.java:128)
at org.openqa.selenium.remote.ProtocolHandshake.createSession(ProtocolHandshake.java:74)
at org.openqa.selenium.remote.HttpCommandExecutor.execute(HttpCommandExecutor.java:136)
at org.openqa.selenium.remote.service.DriverCommandExecutor.execute(DriverCommandExecutor.java:83)
at org.openqa.selenium.remote.RemoteWebDriver.execute(RemoteWebDriver.java:552)
at org.openqa.selenium.remote.RemoteWebDriver.startSession(RemoteWebDriver.java:213)
at org.openqa.selenium.remote.RemoteWebDriver.<init>(RemoteWebDriver.java:131)
at org.openqa.selenium.chrome.ChromeDriver.<init>(ChromeDriver.java:181)
at org.openqa.selenium.chrome.ChromeDriver.<init>(ChromeDriver.java:168)
at org.openqa.selenium.chrome.ChromeDriver.<init>(ChromeDriver.java:157)
at automation.baseclass.baseClass1.initializeDriver(baseClass1.java:39)
at automation.baseclass.baseClass1.launchApplication(baseClass1.java:68)
... Removed 29 stack frames]]>
    </failure>
  </testcase> <!-- @BeforeMethod launchApplication -->
  <testcase classname="automation.baseclass.baseClass1" name="@AfterMethod tearDown" time="0.0">
    <skipped/>
  </testcase> <!-- @AfterMethod tearDown -->
  <testcase classname="automation.baseclass.baseClass1" name="@BeforeMethod launchApplication" time="0.0">
    <skipped/>
  </testcase> <!-- @BeforeMethod launchApplication -->
  <testcase classname="automation.baseclass.baseClass1" name="@AfterMethod tearDown" time="0.0">
    <skipped/>
  </testcase> <!-- @AfterMethod tearDown -->
  <testcase classname="automation.baseclass.baseClass1" name="@BeforeMethod launchApplication" time="0.0">
    <skipped/>
  </testcase> <!-- @BeforeMethod launchApplication -->
  <testcase classname="automation.baseclass.baseClass1" name="@AfterMethod tearDown" time="0.0">
    <skipped/>
  </testcase> <!-- @AfterMethod tearDown -->
  <testcase classname="automation.baseclass.baseClass1" name="@BeforeMethod launchApplication" time="1.326">
    <failure type="org.openqa.selenium.SessionNotCreatedException" message="session not created: This version of ChromeDriver only supports Chrome version 114
Current browser version is 123.0.6312.106 with binary path C:\Program Files\Google\Chrome\Application\chrome.exe
Build info: version: &amp;apos;3.141.59&amp;apos;, revision: &amp;apos;e82be7d358&amp;apos;, time: &amp;apos;2018-11-14T08:17:03&amp;apos;
System info: host: &amp;apos;PHG-IN-PF290PYX&amp;apos;, ip: &amp;apos;192.168.101.213&amp;apos;, os.name: &amp;apos;Windows 10&amp;apos;, os.arch: &amp;apos;amd64&amp;apos;, os.version: &amp;apos;10.0&amp;apos;, java.version: &amp;apos;20.0.1&amp;apos;
Driver info: driver.version: ChromeDriver
remote stacktrace: Backtrace:
	GetHandleVerifier [0x0107A813+48355]
	(No symbol) [0x0100C4B1]
	(No symbol) [0x00F15358]
	(No symbol) [0x00F361AC]
	(No symbol) [0x00F31EF3]
	(No symbol) [0x00F30579]
	(No symbol) [0x00F60C55]
	(No symbol) [0x00F6093C]
	(No symbol) [0x00F5A536]
	(No symbol) [0x00F382DC]
	(No symbol) [0x00F393DD]
	GetHandleVerifier [0x012DAABD+2539405]
	GetHandleVerifier [0x0131A78F+2800735]
	GetHandleVerifier [0x0131456C+2775612]
	GetHandleVerifier [0x011051E0+616112]
	(No symbol) [0x01015F8C]
	(No symbol) [0x01012328]
	(No symbol) [0x0101240B]
	(No symbol) [0x01004FF7]
	(No symbol) [0x7651FCC9]
	RtlGetAppContainerNamedObjectPath [0x774B7C5E+286]
	RtlGetAppContainerNamedObjectPath [0x774B7C2E+238]
">
      <![CDATA[org.openqa.selenium.SessionNotCreatedException: session not created: This version of ChromeDriver only supports Chrome version 114
Current browser version is 123.0.6312.106 with binary path C:\Program Files\Google\Chrome\Application\chrome.exe
Build info: version: '3.141.59', revision: 'e82be7d358', time: '2018-11-14T08:17:03'
System info: host: 'PHG-IN-PF290PYX', ip: '192.168.101.213', os.name: 'Windows 10', os.arch: 'amd64', os.version: '10.0', java.version: '20.0.1'
Driver info: driver.version: ChromeDriver
remote stacktrace: Backtrace:
GetHandleVerifier [0x0107A813+48355]
(No symbol) [0x0100C4B1]
(No symbol) [0x00F15358]
(No symbol) [0x00F361AC]
(No symbol) [0x00F31EF3]
(No symbol) [0x00F30579]
(No symbol) [0x00F60C55]
(No symbol) [0x00F6093C]
(No symbol) [0x00F5A536]
(No symbol) [0x00F382DC]
(No symbol) [0x00F393DD]
GetHandleVerifier [0x012DAABD+2539405]
GetHandleVerifier [0x0131A78F+2800735]
GetHandleVerifier [0x0131456C+2775612]
GetHandleVerifier [0x011051E0+616112]
(No symbol) [0x01015F8C]
(No symbol) [0x01012328]
(No symbol) [0x0101240B]
(No symbol) [0x01004FF7]
(No symbol) [0x7651FCC9]
RtlGetAppContainerNamedObjectPath [0x774B7C5E+286]
RtlGetAppContainerNamedObjectPath [0x774B7C2E+238]

at org.openqa.selenium.remote.W3CHandshakeResponse.lambda$errorHandler$0(W3CHandshakeResponse.java:62)
at org.openqa.selenium.remote.HandshakeResponse.lambda$getResponseFunction$0(HandshakeResponse.java:30)
at org.openqa.selenium.remote.ProtocolHandshake.lambda$createSession$0(ProtocolHandshake.java:126)
at java.base/java.util.stream.ReferencePipeline$3$1.accept(ReferencePipeline.java:197)
at java.base/java.util.Spliterators$ArraySpliterator.tryAdvance(Spliterators.java:1016)
at java.base/java.util.stream.ReferencePipeline.forEachWithCancel(ReferencePipeline.java:129)
at java.base/java.util.stream.AbstractPipeline.copyIntoWithCancel(AbstractPipeline.java:527)
at java.base/java.util.stream.AbstractPipeline.copyInto(AbstractPipeline.java:513)
at java.base/java.util.stream.AbstractPipeline.wrapAndCopyInto(AbstractPipeline.java:499)
at java.base/java.util.stream.FindOps$FindOp.evaluateSequential(FindOps.java:150)
at java.base/java.util.stream.AbstractPipeline.evaluate(AbstractPipeline.java:234)
at java.base/java.util.stream.ReferencePipeline.findFirst(ReferencePipeline.java:647)
at org.openqa.selenium.remote.ProtocolHandshake.createSession(ProtocolHandshake.java:128)
at org.openqa.selenium.remote.ProtocolHandshake.createSession(ProtocolHandshake.java:74)
at org.openqa.selenium.remote.HttpCommandExecutor.execute(HttpCommandExecutor.java:136)
at org.openqa.selenium.remote.service.DriverCommandExecutor.execute(DriverCommandExecutor.java:83)
at org.openqa.selenium.remote.RemoteWebDriver.execute(RemoteWebDriver.java:552)
at org.openqa.selenium.remote.RemoteWebDriver.startSession(RemoteWebDriver.java:213)
at org.openqa.selenium.remote.RemoteWebDriver.<init>(RemoteWebDriver.java:131)
at org.openqa.selenium.chrome.ChromeDriver.<init>(ChromeDriver.java:181)
at org.openqa.selenium.chrome.ChromeDriver.<init>(ChromeDriver.java:168)
at org.openqa.selenium.chrome.ChromeDriver.<init>(ChromeDriver.java:157)
at automation.baseclass.baseClass1.initializeDriver(baseClass1.java:39)
at automation.baseclass.baseClass1.launchApplication(baseClass1.java:68)
... Removed 29 stack frames]]>
    </failure>
  </testcase> <!-- @BeforeMethod launchApplication -->
  <testcase classname="automation.baseclass.baseClass1" name="@AfterMethod tearDown" time="0.0">
    <skipped/>
  </testcase> <!-- @AfterMethod tearDown -->
  <testcase classname="automation.baseclass.baseClass1" name="@BeforeMethod launchApplication" time="0.0">
    <skipped/>
  </testcase> <!-- @BeforeMethod launchApplication -->
  <testcase classname="automation.baseclass.baseClass1" name="@AfterMethod tearDown" time="0.0">
    <skipped/>
  </testcase> <!-- @AfterMethod tearDown -->
  <testcase classname="automation.baseclass.baseClass1" name="@BeforeMethod launchApplication" time="0.0">
    <skipped/>
  </testcase> <!-- @BeforeMethod launchApplication -->
  <testcase classname="automation.baseclass.baseClass1" name="@AfterMethod tearDown" time="0.0">
    <skipped/>
  </testcase> <!-- @AfterMethod tearDown -->
  <testcase classname="automation.tests.ConferenceExecution" name="Filter" time="0.0">
    <skipped/>
  </testcase> <!-- Filter -->
  <testcase classname="automation.tests.ConferenceExecution" name="Pagination" time="0.0">
    <skipped/>
  </testcase> <!-- Pagination -->
  <testcase classname="automation.tests.ConferenceExecution" name="Sorting" time="0.0">
    <skipped/>
  </testcase> <!-- Sorting -->
  <testcase classname="automation.tests.PlaybookExecution" name="Filter" time="0.0">
    <skipped/>
  </testcase> <!-- Filter -->
  <testcase classname="automation.tests.PlaybookExecution" name="Sorting" time="0.0">
    <skipped/>
  </testcase> <!-- Sorting -->
  <testcase classname="automation.tests.PlaybookExecution" name="addPlaybook" time="0.0">
    <skipped/>
  </testcase> <!-- addPlaybook -->
</testsuite> <!-- Test -->
